C:\Users\geras>copy con com.txt
Команда DIR
Команда
 DIR [диск:][путь][имя_файла] [ключи]
Параметр [диск:][путь] задает диск и каталог, содержимое которого нужно вывести на экран.
Параметр [имя_файла] задает файл или группу файлов, которые нужно включить в список.
 С помощью ключа /A[[:]атрибуты] можно вывести имена только тех каталогов и файлов, которые имеют за
данные атрибуты (R - "Только чтение", A - "Архивный", S - "Системный", H - "Скрытый", префикс "-" им
еет значение НЕ).
Например DIR C:\ /A:HS
Ключ /O[[:]сортировка] задает порядок сортировки содержимого каталога при выводе его командой DIR. Е
сли этот ключ опущен, DIR печатает имена файлов и каталогов в том порядке, в котором они содержатся
в каталоге. Если ключ /O задан, а параметр сортировка
Ключ /S задает вывод списка файлов из заданного каталога и его подкаталогов.

 Команда COPY
Для копирования одного или нескольких файлов используется команда COPY.
COPY [/A|/B] источник [/A|/B]  [+ источник [/A|/B] [+ ...]]
  [результат [/A|/B]] [/V][/Y|/-Y]
Описание параметров и ключей команды COPY можно получить, используя ключ /?
Примеры использования команды COPY.
1.      Копирование файла abc.txt из текущего каталога в каталог D:\PROGRAM под тем же именем:    CO
PY abc.txt D:\PROGRAM
2.      Копирование файла abc.txt из текущего каталога в каталог D:\PROGRAM под новым именем def.txt
:    COPY abc.txt D:\PROGRAM\def.txt
3.      Копирование всех файлов с расширением txt с диска A: в каталог 'Мои документы' на диске C:
  COPY A:\*.txt "C:\Мои документы"
Если не задать в команде целевой файл, то команда COPY создаст копию файла-источника с тем же именем
, датой и временем создания, что и исходный файл, и поместит новую копию в текущий каталог на текуще
м диске.
Пример 1 создания нового текстового файла и записи в него информации без использования текстового ре
дактора.
 Для решения задачи необходимо ввести команду COPY CON my.txt, которая будет копировать то, что наби
рается на клавиатуре в файл my.txt (если этот файл существовал, то он перезапишется, иначе - создаст
ся). Для завершения ввода необходимо ввести символ кон
Команда COPY может также объединять (склеивать) несколько файлов в один. Для этого необходимо указат
ь единственный результирующий файл и несколько исходных. Это достигается путем использования группов
ых знаков (? и *) или формата файл1 + файл2 + файл3. Н
   COPY 1.txt+2.txt 3.txt
Команда COPY имеет недостатки. Например, с ее помощью нельзя копировать скрытые и системные файлы, ф
айлы нулевой длины, файлы из подкаталогов.

 XCOPY источник [целевой_объект] [/A | /M] [/D[:дата]] [/P] [/S [/E]] [/V] [/W]
                           [/C] [/I] [/Q] [/F] [/L] [/G] [/H] [/R] [/T] [/U]
                           [/K] [/N] [/O] [/X] [/Y] [/-Y] [/Z] [/B]
                           [/EXCLUDE:файл1[+файл2][+файл3]...]

  источник       Копируемые файлы.
  целевой_объект  Расположение или имена новых файлов.
  /A           Копирование только файлов с установленным архивным атрибутом;
               сам атрибут при этом не изменяется.
  /M           Копирование только файлов с установленным архивным атрибутом;
               после копирования атрибут снимается.
  /D:m-d-y     Копирование файлов, измененных не ранее указанной даты.
               Если дата не указана, заменяются только конечные файлы,
               более старые, чем исходные.
  /EXCLUDE:файл1[+файл2][+файл3]...
               Список файлов, содержащих строки.  Каждая строка должна
               располагаться в отдельной строке. Если какая-либо из строк
               совпадает с любой частью абсолютного пути к копируемому файлу,
               такой файл исключается из операции копирования. Например,
               указав строку \obj\ или .obj, можно исключить все файлы из
               папки obj или все файлы с расширением OBJ соответственно.
  /P           Вывод запросов перед созданием каждого нового файла.
  /S           Копирование только непустых каталогов с подкаталогами.
  /E           Копирование каталогов с подкаталогами, включая пустые.
               Эквивалентен сочетанию ключей /S /E. Совместим с ключом /T.
  /V           Проверка размера каждого нового файла.
  /W           Вывод запроса на нажатие клавиши перед копированием.
  /C           Продолжение копирования вне зависимости от наличия ошибок.
  /I           Если целевой объект не существует и копируется несколько
               файлов, считается, что целевой объект задает каталог.
  /Q           Запрет вывода имен копируемых файлов.
  /F           Вывод полных имен исходных и целевых файлов.
  /L           Вывод имен копируемых файлов.
  /G           Копирование зашифрованных файлов в целевой каталог, не
               поддерживающий шифрование.
  /H           Копирование, среди прочих, скрытых и системных файлов.
  /R           Перезапись файлов, предназначенных только для чтения.
  /T           Создание структуры каталогов без копирования файлов. Пустые
               каталоги и подкаталоги не включаются в процесс копирования. Для
               создания пустых каталогов и подкаталогов используйте сочетание
               ключей /T /E.
  /U           Копирование только файлов, уже имеющихся в целевом каталоге.
  /K           Копирование атрибутов. При использовании команды XСOPY обычно
               сбрасываются атрибуты "Только для чтения".
  /N           Использование коротких имен при копировании.
  /O           Копирование сведений о владельце и данных ACL.
  /X           Копирование параметров аудита файлов (подразумевает
               ключ /O).
  /Y           Подавление запроса подтверждения на перезапись существующего
               целевого файла.
  /-Y          Запрос подтверждения на перезапись существующего целевого
               файла.
  /Z           Копирование сетевых файлов с возобновлением.
  /B           Копирование символической ссылки вместо ее целевого объекта.
  /J           Копирование с использованием небуферизованного ввода/вывода.
               Рекомендуется для очень больших файлов.

Ключ /Y можно установить через переменную среды COPYCMD.
Ключ /-Y командной строки переопределяет такую установку.

TASKLIST [/S <система> [/U <имя пользователя> [/P [<пароль>]]]]
         [/M [<модуль>] | /SVC | /V] [/FI <фильтр>] [/FO <формат>] [/NH]

Описание:
    Отображает список процессов, которые
    исполняются в текущий момент на локальном или удаленном компьютере.

Список параметров:
   /S     <система>        Подключаемый удаленный компьютер.

   /U     [<домен>\]<пользователь>
                           Пользовательский контекст, в котором
                           должна выполняться эта команда.

   /P     [<пароль>]       Пароль для этого пользовательского контекста.
                           Запрашивает ввод пароля, если он не задан.

   /M     [<модуль>]       Отображение всех задач, которые используют данное
                           имя exe/dll. Если имя модуля не
                           указано, то отображаются все загруженные модули.

   /SVC                    Отображение служб для каждого процесса.

   /V                      Ведение подробного протоколирования.

   /FI    <фильтр>         Отображение списка задач, которые отвечают
                           указанному в фильтре критерию.   /FO    <формат>         Описание формата
 выходного файла.
                           Допустимые значения: "TABLE", "LIST", "CSV".

   /NH                     Отключение отображения заголовка "Column Header"
                           в выходных данных.
                           Допустимо для форматов "TABLE" и "CSV".

   /?                      Вывод справки по использованию.

Фильтры:
    Имя фильтра     Допустимые операторы           Допустимые значения
    -----------     ---------------           --------------------------
    STATUS          eq, ne                    RUNNING |
                                              NOT RESPONDING | UNKNOWN
    IMAGENAME       eq, ne                         Имя образа
    PID             eq, ne, gt, lt, ge, le         Значение PID
    SESSION         eq, ne, gt, lt, ge, le         Номер сессии
    SESSIONNAME     eq, ne                         Имя сессии
    CPUTIME         eq, ne, gt, lt, ge, le         Время CPU в формате
                                                   hh:mm:ss.
                                                   hh - часы,
                                                   mm - минуты, ss - секунды
    MEMUSAGE        eq, ne, gt, lt, ge, le         Использование памяти в KБ
    USERNAME        eq, ne                         Имя пользователя в формате
                                                   [<домен>\<пользователь>]
    SERVICES        eq, ne                         Имя службы
    WINDOWTITLE     eq, ne                         Название окна
    MODULES         eq, ne                         Имя DLL

Примечание: Фильтры "WINDOWTITLE" и "STATUS" не поддерживаются при опросе
      удаленного компьютера.

Примеры:
    TASKLIST
    TASKLIST /M
    TASKLIST /V /FO CSV
    TASKLIST /SVC /FO LIST
    TASKLIST /M wbem*
    TASKLIST /S <система> /FO LIST
    TASKLIST /S <система> /U <домен>\<пользователь> /FO CSV /NH
    TASKLIST /S <система> /U <пользователь> /P <пароль> /FO TABLE /NH
    TASKLIST /FI "USERNAME ne NT AUTHORITY\SYSTEM" /FI "STATUS eq running"

    TASKLIST /FI "USERNAME ne NT AUTHORITY\SYSTEM" /FI "STATUS eq running"

^Z
Скопировано файлов:         1.

C:\Users\geras>